FXC : warning X4717: Effects deprecated for D3DCompiler_47
C:\Users\CEY\Desktop\git\3-2CG\CG_Project1\CG_Project1\Shaders_6_start.hlsl(88,5-26): warning X3206: implicit truncation of vector type
C:\Users\CEY\Desktop\git\3-2CG\CG_Project1\CG_Project1\Shaders_6_start.hlsl(102,28-65): warning X3206: 'mul': implicit truncation of vector type
C:\Users\CEY\Desktop\git\3-2CG\CG_Project1\CG_Project1\Shaders_6_start.hlsl(102,5-66): warning X3206: implicit truncation of vector type
C:\Users\CEY\Desktop\git\3-2CG\CG_Project1\CG_Project1\Shaders_6_start.hlsl(118,28-65): warning X3206: 'mul': implicit truncation of vector type
C:\Users\CEY\Desktop\git\3-2CG\CG_Project1\CG_Project1\Shaders_6_start.hlsl(118,5-66): warning X3206: implicit truncation of vector type
C:\Users\CEY\Desktop\git\3-2CG\CG_Project1\CG_Project1\Shaders_6_start.hlsl(178,23-71): warning X3206: 'mul': implicit truncation of vector type
C:\Users\CEY\Desktop\git\3-2CG\CG_Project1\CG_Project1\Shaders_6_start.hlsl(178,9-72): warning X3206: implicit truncation of vector type
C:\Users\CEY\Desktop\git\3-2CG\CG_Project1\CG_Project1\Shaders_6_start.hlsl(207,13-69): warning X3206: implicit truncation of vector type
C:\Users\CEY\Desktop\git\3-2CG\CG_Project1\CG_Project1\Shaders_6_start.hlsl(229,23-71): warning X3206: 'mul': implicit truncation of vector type
C:\Users\CEY\Desktop\git\3-2CG\CG_Project1\CG_Project1\Shaders_6_start.hlsl(229,9-72): warning X3206: implicit truncation of vector type
C:\Users\CEY\Desktop\git\3-2CG\CG_Project1\CG_Project1\Shaders_6_start.hlsl(240,19-40): warning X3206: 'mul': implicit truncation of vector type
C:\Users\CEY\Desktop\git\3-2CG\CG_Project1\CG_Project1\Shaders_6_start.hlsl(240,12-40): warning X3206: implicit truncation of vector type
C:\Users\CEY\Desktop\git\3-2CG\CG_Project1\CG_Project1\Shaders_6_start.hlsl(249,12-68): warning X3206: implicit truncation of vector type
  
  compilation object save succeeded; see C:\Users\CEY\Desktop\Git\3-2CG\CG_Project1\x64\Debug\Shaders_6_start.cso
  practice_6_start.cpp
C:\Users\CEY\Desktop\git\3-2CG\CG_Project1\CG_Project1\practice_6_start.cpp(469,3): warning C4060: switch statement contains no 'case' or 'default' labels
C:\Users\CEY\Desktop\git\3-2CG\CG_Project1\CG_Project1\practice_6_start.cpp(972,51): warning C4267: '=': conversion from 'size_t' to 'UINT', possible loss of data
C:\Users\CEY\Desktop\git\3-2CG\CG_Project1\CG_Project1\practice_6_start.cpp(982,36): warning C4267: '=': conversion from 'size_t' to 'int', possible loss of data
C:\Users\CEY\Desktop\git\3-2CG\CG_Project1\CG_Project1\practice_6_start.cpp(992,51): warning C4267: '=': conversion from 'size_t' to 'UINT', possible loss of data
C:\Users\CEY\Desktop\git\3-2CG\CG_Project1\CG_Project1\practice_6_start.cpp(1005,47): warning C4267: '=': conversion from 'size_t' to 'UINT', possible loss of data
C:\Users\CEY\Desktop\git\3-2CG\CG_Project1\CG_Project1\practice_6_start.cpp(1052,40): warning C4267: '=': conversion from 'size_t' to 'int', possible loss of data
  CG_Project1.vcxproj -> C:\Users\CEY\Desktop\Git\3-2CG\CG_Project1\x64\Debug\CG_Project1.exe
